2024-06-04T02:49:29.561411Z 0 [System] [MY-013169] [Server] /nix/store/g0xcbslwayv7cpa8k75m5zqmq8jf7xis-mysql-8.0.36/bin/mysqld (mysqld 8.0.36) initializing of server in progress as process 905
2024-06-04T02:49:29.653808Z 1 [System] [MY-013576] [InnoDB] InnoDB initialization has started.
2024-06-04T02:49:30.884134Z 1 [System] [MY-013577] [InnoDB] InnoDB initialization has ended.AEgT>uBjj1!7
2024-06-04T02:49:34.241092Z 6 [Note] [MY-010454] [Server] A temporary password is generated for root@localhost: 
2024-06-04T02:52:58.761045Z 0 [System] [MY-010116] [Server] /nix/store/g0xcbslwayv7cpa8k75m5zqmq8jf7xis-mysql-8.0.36/bin/mysqld (mysqld 8.0.36) starting as process 1723
2024-06-04T02:52:58.782868Z 1 [System] [MY-013576] [InnoDB] InnoDB initialization has started.
2024-06-04T02:52:59.170363Z 1 [System] [MY-013577] [InnoDB] InnoDB initialization has ended.
2024-06-04T02:52:59.363774Z 0 [ERROR] [MY-011300] [Server] Plugin mysqlx reported: 'Setup of socket: '/run/mysqld/mysqlx.sock' failed, can't create lock file /run/mysqld/mysqlx.sock.lock'
2024-06-04T02:52:59.598386Z 0 [Warning] [MY-010068] [Server] CA certificate ca.pem is self signed.
2024-06-04T02:52:59.598478Z 0 [System] [MY-013602] [Server] Channel mysql_main configured to support TLS. Encrypted connections are now supported for this channel.
2024-06-04T02:52:59.637405Z 0 [System] [MY-010931] [Server] /nix/store/g0xcbslwayv7cpa8k75m5zqmq8jf7xis-mysql-8.0.36/bin/mysqld: ready for connections. Version: '8.0.36'  socket: '/home/user/SistemaGastro/mysql_data/mysql.sock'  port: 3306  Source distribution.
2024-06-04T02:52:59.638704Z 0 [System] [MY-011323] [Server] X Plugin ready for connections. Bind-address: '::' port: 33060
2024-06-04T03:12:17.146722Z 0 [System] [MY-013169] [Server] /nix/store/g0xcbslwayv7cpa8k75m5zqmq8jf7xis-mysql-8.0.36/bin/mysqld (mysqld 8.0.36) initializing of server in progress as process 6487
2024-06-04T03:12:17.148739Z 0 [ERROR] [MY-010457] [Server] --initialize specified but the data directory has files in it. Aborting.
2024-06-04T03:12:17.148782Z 0 [ERROR] [MY-013236] [Server] The designated data directory /home/user/SistemaGastro/mysql_data/ is unusable. You can remove all files that the server added to it.
2024-06-04T03:12:17.148874Z 0 [ERROR] [MY-010119] [Server] Aborting
2024-06-04T03:12:17.149124Z 0 [System] [MY-010910] [Server] /nix/store/g0xcbslwayv7cpa8k75m5zqmq8jf7xis-mysql-8.0.36/bin/mysqld: Shutdown complete (mysqld 8.0.36)  Source distribution.
2024-06-04T03:12:48.052654Z 0 [System] [MY-013169] [Server] /nix/store/g0xcbslwayv7cpa8k75m5zqmq8jf7xis-mysql-8.0.36/bin/mysqld (mysqld 8.0.36) initializing of server in progress as process 6668
2024-06-04T03:12:48.054677Z 0 [ERROR] [MY-010457] [Server] --initialize specified but the data directory has files in it. Aborting.
2024-06-04T03:12:48.054716Z 0 [ERROR] [MY-013236] [Server] The designated data directory /home/user/SistemaGastro/mysql_data/ is unusable. You can remove all files that the server added to it.
2024-06-04T03:12:48.054803Z 0 [ERROR] [MY-010119] [Server] Aborting
2024-06-04T03:12:48.055038Z 0 [System] [MY-010910] [Server] /nix/store/g0xcbslwayv7cpa8k75m5zqmq8jf7xis-mysql-8.0.36/bin/mysqld: Shutdown complete (mysqld 8.0.36)  Source distribution.
2024-06-04T14:30:58.935555Z 0 [System] [MY-010116] [Server] /nix/store/g0xcbslwayv7cpa8k75m5zqmq8jf7xis-mysql-8.0.36/bin/mysqld (mysqld 8.0.36) starting as process 1610
2024-06-04T14:30:58.951517Z 1 [System] [MY-013576] [InnoDB] InnoDB initialization has started.
2024-06-04T14:30:59.427858Z 1 [System] [MY-013577] [InnoDB] InnoDB initialization has ended.
2024-06-04T14:30:59.584182Z 0 [ERROR] [MY-011300] [Server] Plugin mysqlx reported: 'Setup of socket: '/run/mysqld/mysqlx.sock' failed, can't create lock file /run/mysqld/mysqlx.sock.lock'
2024-06-04T14:30:59.626243Z 0 [System] [MY-010229] [Server] Starting XA crash recovery...
2024-06-04T14:30:59.644989Z 0 [System] [MY-010232] [Server] XA crash recovery finished.
2024-06-04T14:30:59.730396Z 0 [Warning] [MY-010068] [Server] CA certificate ca.pem is self signed.
2024-06-04T14:30:59.730510Z 0 [System] [MY-013602] [Server] Channel mysql_main configured to support TLS. Encrypted connections are now supported for this channel.
2024-06-04T14:30:59.771060Z 0 [System] [MY-011323] [Server] X Plugin ready for connections. Bind-address: '::' port: 33060
2024-06-04T14:30:59.771505Z 0 [System] [MY-010931] [Server] /nix/store/g0xcbslwayv7cpa8k75m5zqmq8jf7xis-mysql-8.0.36/bin/mysqld: ready for connections. Version: '8.0.36'  socket: '/home/user/SistemaGastro/mysql_data/mysql.sock'  port: 3306  Source distribution.
2024-06-04T14:49:04.729912Z 0 [System] [MY-010116] [Server] /nix/store/g0xcbslwayv7cpa8k75m5zqmq8jf7xis-mysql-8.0.36/bin/mysqld (mysqld 8.0.36) starting as process 5747
2024-06-04T14:49:04.788467Z 1 [System] [MY-013576] [InnoDB] InnoDB initialization has started.
2024-06-04T14:49:04.846394Z 1 [ERROR] [MY-012574] [InnoDB] Unable to lock ./ibdata1 error: 11
2024-06-04T14:49:05.846747Z 1 [ERROR] [MY-012574] [InnoDB] Unable to lock ./ibdata1 error: 11
2024-06-04T14:49:06.847019Z 1 [ERROR] [MY-012574] [InnoDB] Unable to lock ./ibdata1 error: 11
2024-06-04T14:49:07.847324Z 1 [ERROR] [MY-012574] [InnoDB] Unable to lock ./ibdata1 error: 11
2024-06-04T14:49:08.847666Z 1 [ERROR] [MY-012574] [InnoDB] Unable to lock ./ibdata1 error: 11
2024-06-04T14:49:09.847916Z 1 [ERROR] [MY-012574] [InnoDB] Unable to lock ./ibdata1 error: 11
2024-06-04T14:49:10.848527Z 1 [ERROR] [MY-012574] [InnoDB] Unable to lock ./ibdata1 error: 11
2024-06-04T14:49:11.848738Z 1 [ERROR] [MY-012574] [InnoDB] Unable to lock ./ibdata1 error: 11
2024-06-04T14:49:12.848989Z 1 [ERROR] [MY-012574] [InnoDB] Unable to lock ./ibdata1 error: 11
2024-06-04T14:49:13.849253Z 1 [ERROR] [MY-012574] [InnoDB] Unable to lock ./ibdata1 error: 11
2024-06-04T14:49:14.849476Z 1 [ERROR] [MY-012574] [InnoDB] Unable to lock ./ibdata1 error: 11
2024-06-04T14:49:15.849733Z 1 [ERROR] [MY-012574] [InnoDB] Unable to lock ./ibdata1 error: 11
2024-06-04T14:49:16.849978Z 1 [ERROR] [MY-012574] [InnoDB] Unable to lock ./ibdata1 error: 11
2024-06-04T14:49:17.850262Z 1 [ERROR] [MY-012574] [InnoDB] Unable to lock ./ibdata1 error: 11
2024-06-04T14:49:18.850625Z 1 [ERROR] [MY-012574] [InnoDB] Unable to lock ./ibdata1 error: 11
2024-06-04T14:49:19.850887Z 1 [ERROR] [MY-012574] [InnoDB] Unable to lock ./ibdata1 error: 11
2024-06-04T14:49:20.851148Z 1 [ERROR] [MY-012574] [InnoDB] Unable to lock ./ibdata1 error: 11
2024-06-04T14:49:21.851456Z 1 [ERROR] [MY-012574] [InnoDB] Unable to lock ./ibdata1 error: 11
2024-06-04T14:49:22.851690Z 1 [ERROR] [MY-012574] [InnoDB] Unable to lock ./ibdata1 error: 11
2024-06-04T14:49:23.851937Z 1 [ERROR] [MY-012574] [InnoDB] Unable to lock ./ibdata1 error: 11
2024-06-04T14:49:24.852220Z 1 [ERROR] [MY-012574] [InnoDB] Unable to lock ./ibdata1 error: 11
2024-06-04T14:49:25.852505Z 1 [ERROR] [MY-012574] [InnoDB] Unable to lock ./ibdata1 error: 11
2024-06-04T14:49:26.852804Z 1 [ERROR] [MY-012574] [InnoDB] Unable to lock ./ibdata1 error: 11
2024-06-04T14:49:27.853151Z 1 [ERROR] [MY-012574] [InnoDB] Unable to lock ./ibdata1 error: 11
2024-06-04T14:49:28.853483Z 1 [ERROR] [MY-012574] [InnoDB] Unable to lock ./ibdata1 error: 11
2024-06-04T14:49:29.853754Z 1 [ERROR] [MY-012574] [InnoDB] Unable to lock ./ibdata1 error: 11
2024-06-04T14:49:30.854055Z 1 [ERROR] [MY-012574] [InnoDB] Unable to lock ./ibdata1 error: 11
2024-06-04T14:49:31.854776Z 1 [ERROR] [MY-012574] [InnoDB] Unable to lock ./ibdata1 error: 11
2024-06-04T14:49:32.855028Z 1 [ERROR] [MY-012574] [InnoDB] Unable to lock ./ibdata1 error: 11
2024-06-04T14:49:33.855327Z 1 [ERROR] [MY-012574] [InnoDB] Unable to lock ./ibdata1 error: 11
2024-06-04T14:49:34.855671Z 1 [ERROR] [MY-012574] [InnoDB] Unable to lock ./ibdata1 error: 11
2024-06-04T14:49:35.855995Z 1 [ERROR] [MY-012574] [InnoDB] Unable to lock ./ibdata1 error: 11
2024-06-04T14:49:36.856649Z 1 [ERROR] [MY-012574] [InnoDB] Unable to lock ./ibdata1 error: 11
2024-06-04T14:49:37.857087Z 1 [ERROR] [MY-012574] [InnoDB] Unable to lock ./ibdata1 error: 11
2024-06-04T14:49:38.857528Z 1 [ERROR] [MY-012574] [InnoDB] Unable to lock ./ibdata1 error: 11
2024-06-04T14:49:39.857840Z 1 [ERROR] [MY-012574] [InnoDB] Unable to lock ./ibdata1 error: 11
2024-06-04T14:49:40.858123Z 1 [ERROR] [MY-012574] [InnoDB] Unable to lock ./ibdata1 error: 11
2024-06-04T14:49:41.858440Z 1 [ERROR] [MY-012574] [InnoDB] Unable to lock ./ibdata1 error: 11
2024-06-04T14:49:42.858770Z 1 [ERROR] [MY-012574] [InnoDB] Unable to lock ./ibdata1 error: 11
2024-06-04T14:49:43.859038Z 1 [ERROR] [MY-012574] [InnoDB] Unable to lock ./ibdata1 error: 11
2024-06-04T14:49:44.859333Z 1 [ERROR] [MY-012574] [InnoDB] Unable to lock ./ibdata1 error: 11
2024-06-04T14:49:45.859656Z 1 [ERROR] [MY-012574] [InnoDB] Unable to lock ./ibdata1 error: 11
2024-06-04T14:49:46.859961Z 1 [ERROR] [MY-012574] [InnoDB] Unable to lock ./ibdata1 error: 11
2024-06-04T14:49:47.860222Z 1 [ERROR] [MY-012574] [InnoDB] Unable to lock ./ibdata1 error: 11
2024-06-04T14:49:48.860459Z 1 [ERROR] [MY-012574] [InnoDB] Unable to lock ./ibdata1 error: 11
2024-06-04T14:49:49.860779Z 1 [ERROR] [MY-012574] [InnoDB] Unable to lock ./ibdata1 error: 11
2024-06-04T14:49:50.861048Z 1 [ERROR] [MY-012574] [InnoDB] Unable to lock ./ibdata1 error: 11
2024-06-04T14:49:51.861337Z 1 [ERROR] [MY-012574] [InnoDB] Unable to lock ./ibdata1 error: 11
2024-06-04T14:49:52.861762Z 1 [ERROR] [MY-012574] [InnoDB] Unable to lock ./ibdata1 error: 11
2024-06-04T14:49:53.862027Z 1 [ERROR] [MY-012574] [InnoDB] Unable to lock ./ibdata1 error: 11
2024-06-04T14:49:54.862298Z 1 [ERROR] [MY-012574] [InnoDB] Unable to lock ./ibdata1 error: 11
2024-06-04T14:49:55.862596Z 1 [ERROR] [MY-012574] [InnoDB] Unable to lock ./ibdata1 error: 11
2024-06-04T14:49:56.862827Z 1 [ERROR] [MY-012574] [InnoDB] Unable to lock ./ibdata1 error: 11
2024-06-04T14:49:57.863186Z 1 [ERROR] [MY-012574] [InnoDB] Unable to lock ./ibdata1 error: 11
2024-06-04T14:49:58.863498Z 1 [ERROR] [MY-012574] [InnoDB] Unable to lock ./ibdata1 error: 11
2024-06-04T14:49:59.863759Z 1 [ERROR] [MY-012574] [InnoDB] Unable to lock ./ibdata1 error: 11
2024-06-04T14:50:00.864002Z 1 [ERROR] [MY-012574] [InnoDB] Unable to lock ./ibdata1 error: 11
2024-06-04T14:50:01.864304Z 1 [ERROR] [MY-012574] [InnoDB] Unable to lock ./ibdata1 error: 11
2024-06-04T14:50:02.864585Z 1 [ERROR] [MY-012574] [InnoDB] Unable to lock ./ibdata1 error: 11
2024-06-04T14:50:03.864879Z 1 [ERROR] [MY-012574] [InnoDB] Unable to lock ./ibdata1 error: 11
2024-06-04T14:50:04.865110Z 1 [ERROR] [MY-012574] [InnoDB] Unable to lock ./ibdata1 error: 11
2024-06-04T14:50:05.865428Z 1 [ERROR] [MY-012574] [InnoDB] Unable to lock ./ibdata1 error: 11
2024-06-04T14:50:06.865711Z 1 [ERROR] [MY-012574] [InnoDB] Unable to lock ./ibdata1 error: 11
2024-06-04T14:50:07.866024Z 1 [ERROR] [MY-012574] [InnoDB] Unable to lock ./ibdata1 error: 11
2024-06-04T14:50:08.866397Z 1 [ERROR] [MY-012574] [InnoDB] Unable to lock ./ibdata1 error: 11
2024-06-04T14:50:09.866814Z 1 [ERROR] [MY-012574] [InnoDB] Unable to lock ./ibdata1 error: 11
2024-06-04T14:50:10.867157Z 1 [ERROR] [MY-012574] [InnoDB] Unable to lock ./ibdata1 error: 11
2024-06-04T14:50:11.867443Z 1 [ERROR] [MY-012574] [InnoDB] Unable to lock ./ibdata1 error: 11
2024-06-04T14:50:12.867795Z 1 [ERROR] [MY-012574] [InnoDB] Unable to lock ./ibdata1 error: 11
2024-06-04T14:50:13.868135Z 1 [ERROR] [MY-012574] [InnoDB] Unable to lock ./ibdata1 error: 11
2024-06-04T14:50:14.868505Z 1 [ERROR] [MY-012574] [InnoDB] Unable to lock ./ibdata1 error: 11
2024-06-04T14:50:15.868768Z 1 [ERROR] [MY-012574] [InnoDB] Unable to lock ./ibdata1 error: 11
2024-06-04T14:50:16.869040Z 1 [ERROR] [MY-012574] [InnoDB] Unable to lock ./ibdata1 error: 11
2024-06-04T14:50:17.869381Z 1 [ERROR] [MY-012574] [InnoDB] Unable to lock ./ibdata1 error: 11
2024-06-04T14:50:18.869704Z 1 [ERROR] [MY-012574] [InnoDB] Unable to lock ./ibdata1 error: 11
2024-06-04T14:50:19.870049Z 1 [ERROR] [MY-012574] [InnoDB] Unable to lock ./ibdata1 error: 11
2024-06-04T14:50:20.870447Z 1 [ERROR] [MY-012574] [InnoDB] Unable to lock ./ibdata1 error: 11
2024-06-04T14:50:21.870755Z 1 [ERROR] [MY-012574] [InnoDB] Unable to lock ./ibdata1 error: 11
2024-06-04T14:50:22.871044Z 1 [ERROR] [MY-012574] [InnoDB] Unable to lock ./ibdata1 error: 11
2024-06-04T14:50:23.871471Z 1 [ERROR] [MY-012574] [InnoDB] Unable to lock ./ibdata1 error: 11
2024-06-04T14:50:24.871707Z 1 [ERROR] [MY-012574] [InnoDB] Unable to lock ./ibdata1 error: 11
2024-06-04T14:50:25.872161Z 1 [ERROR] [MY-012574] [InnoDB] Unable to lock ./ibdata1 error: 11
2024-06-04T14:50:26.872497Z 1 [ERROR] [MY-012574] [InnoDB] Unable to lock ./ibdata1 error: 11
2024-06-04T14:50:27.872824Z 1 [ERROR] [MY-012574] [InnoDB] Unable to lock ./ibdata1 error: 11
2024-06-04T14:50:28.873112Z 1 [ERROR] [MY-012574] [InnoDB] Unable to lock ./ibdata1 error: 11
2024-06-04T14:50:29.873467Z 1 [ERROR] [MY-012574] [InnoDB] Unable to lock ./ibdata1 error: 11
2024-06-04T14:50:30.873690Z 1 [ERROR] [MY-012574] [InnoDB] Unable to lock ./ibdata1 error: 11
2024-06-04T14:50:31.873932Z 1 [ERROR] [MY-012574] [InnoDB] Unable to lock ./ibdata1 error: 11
2024-06-04T14:50:32.874243Z 1 [ERROR] [MY-012574] [InnoDB] Unable to lock ./ibdata1 error: 11
2024-06-04T14:50:33.874514Z 1 [ERROR] [MY-012574] [InnoDB] Unable to lock ./ibdata1 error: 11
2024-06-04T14:50:34.874779Z 1 [ERROR] [MY-012574] [InnoDB] Unable to lock ./ibdata1 error: 11
2024-06-04T14:50:35.875028Z 1 [ERROR] [MY-012574] [InnoDB] Unable to lock ./ibdata1 error: 11
2024-06-04T14:50:36.875455Z 1 [ERROR] [MY-012574] [InnoDB] Unable to lock ./ibdata1 error: 11
2024-06-04T14:50:37.875736Z 1 [ERROR] [MY-012574] [InnoDB] Unable to lock ./ibdata1 error: 11
2024-06-04T14:50:38.876094Z 1 [ERROR] [MY-012574] [InnoDB] Unable to lock ./ibdata1 error: 11
2024-06-04T14:50:39.876457Z 1 [ERROR] [MY-012574] [InnoDB] Unable to lock ./ibdata1 error: 11
2024-06-04T14:50:40.876759Z 1 [ERROR] [MY-012574] [InnoDB] Unable to lock ./ibdata1 error: 11
2024-06-04T14:50:41.877044Z 1 [ERROR] [MY-012574] [InnoDB] Unable to lock ./ibdata1 error: 11
2024-06-04T14:50:42.877332Z 1 [ERROR] [MY-012574] [InnoDB] Unable to lock ./ibdata1 error: 11
2024-06-04T14:50:43.877659Z 1 [ERROR] [MY-012574] [InnoDB] Unable to lock ./ibdata1 error: 11
2024-06-04T14:50:44.877939Z 1 [ERROR] [MY-012574] [InnoDB] Unable to lock ./ibdata1 error: 11
2024-06-04T14:50:44.878064Z 1 [ERROR] [MY-012592] [InnoDB] Operating system error number 11 in a file operation.
2024-06-04T14:50:44.878089Z 1 [ERROR] [MY-012596] [InnoDB] Error number 11 means 'Resource temporarily unavailable'
2024-06-04T14:50:44.878125Z 1 [ERROR] [MY-012215] [InnoDB] Cannot open datafile './ibdata1'
2024-06-04T14:50:44.878145Z 1 [ERROR] [MY-012959] [InnoDB] Could not open or create the system tablespace. If you tried to add new data files to the system tablespace, and it failed here, you should now edit innodb_data_file_path in my.cnf back to what it was, and remove the new ibdata files InnoDB created in this failed attempt. InnoDB only wrote those files full of zeros, but did not yet use them in any way. But be careful: do not remove old data files which contain your precious data!
2024-06-04T14:50:44.878179Z 1 [ERROR] [MY-012930] [InnoDB] Plugin initialization aborted with error Cannot open a file.
2024-06-04T14:50:44.879495Z 1 [ERROR] [MY-010334] [Server] Failed to initialize DD Storage Engine
2024-06-04T14:50:44.879966Z 0 [ERROR] [MY-010020] [Server] Data Dictionary initialization failed.
2024-06-04T14:50:44.880013Z 0 [ERROR] [MY-010119] [Server] Aborting
2024-06-04T14:50:44.892143Z 0 [System] [MY-010910] [Server] /nix/store/g0xcbslwayv7cpa8k75m5zqmq8jf7xis-mysql-8.0.36/bin/mysqld: Shutdown complete (mysqld 8.0.36)  Source distribution.
2024-06-04T15:13:42.619817Z 0 [System] [MY-010116] [Server] /nix/store/g0xcbslwayv7cpa8k75m5zqmq8jf7xis-mysql-8.0.36/bin/mysqld (mysqld 8.0.36) starting as process 11924
2024-06-04T15:13:42.637988Z 1 [System] [MY-013576] [InnoDB] InnoDB initialization has started.
2024-06-04T15:13:42.689457Z 1 [ERROR] [MY-012574] [InnoDB] Unable to lock ./ibdata1 error: 11
2024-06-04T15:13:43.689833Z 1 [ERROR] [MY-012574] [InnoDB] Unable to lock ./ibdata1 error: 11
2024-06-04T15:13:44.690120Z 1 [ERROR] [MY-012574] [InnoDB] Unable to lock ./ibdata1 error: 11
2024-06-04T15:13:45.690470Z 1 [ERROR] [MY-012574] [InnoDB] Unable to lock ./ibdata1 error: 11
2024-06-04T15:13:46.690760Z 1 [ERROR] [MY-012574] [InnoDB] Unable to lock ./ibdata1 error: 11
2024-06-04T15:13:47.691037Z 1 [ERROR] [MY-012574] [InnoDB] Unable to lock ./ibdata1 error: 11
2024-06-04T15:13:48.691836Z 1 [ERROR] [MY-012574] [InnoDB] Unable to lock ./ibdata1 error: 11
2024-06-04T15:13:49.692119Z 1 [ERROR] [MY-012574] [InnoDB] Unable to lock ./ibdata1 error: 11
2024-06-04T15:13:50.692433Z 1 [ERROR] [MY-012574] [InnoDB] Unable to lock ./ibdata1 error: 11
2024-06-04T15:13:51.692707Z 1 [ERROR] [MY-012574] [InnoDB] Unable to lock ./ibdata1 error: 11
2024-06-04T15:13:52.692964Z 1 [ERROR] [MY-012574] [InnoDB] Unable to lock ./ibdata1 error: 11
2024-06-04T15:13:53.693287Z 1 [ERROR] [MY-012574] [InnoDB] Unable to lock ./ibdata1 error: 11
2024-06-04T15:13:54.693624Z 1 [ERROR] [MY-012574] [InnoDB] Unable to lock ./ibdata1 error: 11
2024-06-04T15:13:55.693902Z 1 [ERROR] [MY-012574] [InnoDB] Unable to lock ./ibdata1 error: 11
2024-06-04T15:13:56.694158Z 1 [ERROR] [MY-012574] [InnoDB] Unable to lock ./ibdata1 error: 11
2024-06-04T15:13:57.694454Z 1 [ERROR] [MY-012574] [InnoDB] Unable to lock ./ibdata1 error: 11
2024-06-04T15:13:58.694732Z 1 [ERROR] [MY-012574] [InnoDB] Unable to lock ./ibdata1 error: 11
2024-06-04T15:13:59.695022Z 1 [ERROR] [MY-012574] [InnoDB] Unable to lock ./ibdata1 error: 11
2024-06-04T15:14:00.695323Z 1 [ERROR] [MY-012574] [InnoDB] Unable to lock ./ibdata1 error: 11
2024-06-04T15:14:01.695658Z 1 [ERROR] [MY-012574] [InnoDB] Unable to lock ./ibdata1 error: 11
2024-06-04T15:14:02.696396Z 1 [ERROR] [MY-012574] [InnoDB] Unable to lock ./ibdata1 error: 11
2024-06-04T15:14:03.696727Z 1 [ERROR] [MY-012574] [InnoDB] Unable to lock ./ibdata1 error: 11
2024-06-04T15:14:04.696982Z 1 [ERROR] [MY-012574] [InnoDB] Unable to lock ./ibdata1 error: 11
2024-06-04T15:14:05.697258Z 1 [ERROR] [MY-012574] [InnoDB] Unable to lock ./ibdata1 error: 11
2024-06-04T15:14:06.697533Z 1 [ERROR] [MY-012574] [InnoDB] Unable to lock ./ibdata1 error: 11
2024-06-04T15:14:07.697787Z 1 [ERROR] [MY-012574] [InnoDB] Unable to lock ./ibdata1 error: 11
2024-06-04T15:14:08.698060Z 1 [ERROR] [MY-012574] [InnoDB] Unable to lock ./ibdata1 error: 11
2024-06-04T15:14:09.698331Z 1 [ERROR] [MY-012574] [InnoDB] Unable to lock ./ibdata1 error: 11
2024-06-04T15:14:10.698555Z 1 [ERROR] [MY-012574] [InnoDB] Unable to lock ./ibdata1 error: 11
2024-06-04T15:14:11.698777Z 1 [ERROR] [MY-012574] [InnoDB] Unable to lock ./ibdata1 error: 11
2024-06-04T15:14:12.699010Z 1 [ERROR] [MY-012574] [InnoDB] Unable to lock ./ibdata1 error: 11
2024-06-04T15:14:13.699306Z 1 [ERROR] [MY-012574] [InnoDB] Unable to lock ./ibdata1 error: 11
2024-06-04T15:14:14.699583Z 1 [ERROR] [MY-012574] [InnoDB] Unable to lock ./ibdata1 error: 11
2024-06-04T15:14:15.699786Z 1 [ERROR] [MY-012574] [InnoDB] Unable to lock ./ibdata1 error: 11
2024-06-04T15:14:16.699992Z 1 [ERROR] [MY-012574] [InnoDB] Unable to lock ./ibdata1 error: 11
2024-06-04T15:14:17.700234Z 1 [ERROR] [MY-012574] [InnoDB] Unable to lock ./ibdata1 error: 11
2024-06-04T15:14:18.700489Z 1 [ERROR] [MY-012574] [InnoDB] Unable to lock ./ibdata1 error: 11
2024-06-04T15:14:19.700726Z 1 [ERROR] [MY-012574] [InnoDB] Unable to lock ./ibdata1 error: 11
2024-06-04T15:14:20.701003Z 1 [ERROR] [MY-012574] [InnoDB] Unable to lock ./ibdata1 error: 11
2024-06-04T15:14:21.701256Z 1 [ERROR] [MY-012574] [InnoDB] Unable to lock ./ibdata1 error: 11
2024-06-04T15:14:22.701529Z 1 [ERROR] [MY-012574] [InnoDB] Unable to lock ./ibdata1 error: 11
2024-06-04T15:14:23.701781Z 1 [ERROR] [MY-012574] [InnoDB] Unable to lock ./ibdata1 error: 11
2024-06-04T15:14:24.702061Z 1 [ERROR] [MY-012574] [InnoDB] Unable to lock ./ibdata1 error: 11
2024-06-04T15:14:25.702467Z 1 [ERROR] [MY-012574] [InnoDB] Unable to lock ./ibdata1 error: 11
2024-06-04T15:14:26.702790Z 1 [ERROR] [MY-012574] [InnoDB] Unable to lock ./ibdata1 error: 11
2024-06-04T15:14:27.703112Z 1 [ERROR] [MY-012574] [InnoDB] Unable to lock ./ibdata1 error: 11
2024-06-04T15:14:28.703448Z 1 [ERROR] [MY-012574] [InnoDB] Unable to lock ./ibdata1 error: 11
2024-06-04T15:14:29.703762Z 1 [ERROR] [MY-012574] [InnoDB] Unable to lock ./ibdata1 error: 11
2024-06-04T15:14:30.704166Z 1 [ERROR] [MY-012574] [InnoDB] Unable to lock ./ibdata1 error: 11
2024-06-04T15:14:31.704488Z 1 [ERROR] [MY-012574] [InnoDB] Unable to lock ./ibdata1 error: 11
2024-06-04T15:14:32.704743Z 1 [ERROR] [MY-012574] [InnoDB] Unable to lock ./ibdata1 error: 11
2024-06-04T15:14:33.704960Z 1 [ERROR] [MY-012574] [InnoDB] Unable to lock ./ibdata1 error: 11
2024-06-04T15:14:34.705241Z 1 [ERROR] [MY-012574] [InnoDB] Unable to lock ./ibdata1 error: 11
2024-06-04T15:14:35.705492Z 1 [ERROR] [MY-012574] [InnoDB] Unable to lock ./ibdata1 error: 11
2024-06-04T15:14:36.705737Z 1 [ERROR] [MY-012574] [InnoDB] Unable to lock ./ibdata1 error: 11
2024-06-04T15:14:37.706001Z 1 [ERROR] [MY-012574] [InnoDB] Unable to lock ./ibdata1 error: 11
2024-06-04T15:14:38.706278Z 1 [ERROR] [MY-012574] [InnoDB] Unable to lock ./ibdata1 error: 11
2024-06-04T15:14:39.706558Z 1 [ERROR] [MY-012574] [InnoDB] Unable to lock ./ibdata1 error: 11
2024-06-04T15:14:39.710996Z 0 [System] [MY-010116] [Server] /nix/store/g0xcbslwayv7cpa8k75m5zqmq8jf7xis-mysql-8.0.36/bin/mysqld (mysqld 8.0.36) starting as process 12624
2024-06-04T15:14:39.724893Z 1 [System] [MY-013576] [InnoDB] InnoDB initialization has started.
2024-06-04T15:14:39.773574Z 1 [ERROR] [MY-012574] [InnoDB] Unable to lock ./ibdata1 error: 11
2024-06-04T15:14:40.706840Z 1 [ERROR] [MY-012574] [InnoDB] Unable to lock ./ibdata1 error: 11
2024-06-04T15:14:40.773937Z 1 [ERROR] [MY-012574] [InnoDB] Unable to lock ./ibdata1 error: 11
2024-06-04T15:14:41.707121Z 1 [ERROR] [MY-012574] [InnoDB] Unable to lock ./ibdata1 error: 11
2024-06-04T15:14:41.774247Z 1 [ERROR] [MY-012574] [InnoDB] Unable to lock ./ibdata1 error: 11
2024-06-04T15:14:42.707486Z 1 [ERROR] [MY-012574] [InnoDB] Unable to lock ./ibdata1 error: 11
2024-06-04T15:14:42.774550Z 1 [ERROR] [MY-012574] [InnoDB] Unable to lock ./ibdata1 error: 11
2024-06-04T15:14:43.707715Z 1 [ERROR] [MY-012574] [InnoDB] Unable to lock ./ibdata1 error: 11
2024-06-04T15:14:43.774825Z 1 [ERROR] [MY-012574] [InnoDB] Unable to lock ./ibdata1 error: 11
2024-06-04T15:14:44.707973Z 1 [ERROR] [MY-012574] [InnoDB] Unable to lock ./ibdata1 error: 11
2024-06-04T15:14:44.775105Z 1 [ERROR] [MY-012574] [InnoDB] Unable to lock ./ibdata1 error: 11
2024-06-04T15:14:45.708298Z 1 [ERROR] [MY-012574] [InnoDB] Unable to lock ./ibdata1 error: 11
2024-06-04T15:14:45.775443Z 1 [ERROR] [MY-012574] [InnoDB] Unable to lock ./ibdata1 error: 11
2024-06-04T15:14:46.708624Z 1 [ERROR] [MY-012574] [InnoDB] Unable to lock ./ibdata1 error: 11
2024-06-04T15:14:46.775731Z 1 [ERROR] [MY-012574] [InnoDB] Unable to lock ./ibdata1 error: 11
2024-06-04T15:14:47.708892Z 1 [ERROR] [MY-012574] [InnoDB] Unable to lock ./ibdata1 error: 11
2024-06-04T15:14:47.776009Z 1 [ERROR] [MY-012574] [InnoDB] Unable to lock ./ibdata1 error: 11
2024-06-04T15:14:48.709179Z 1 [ERROR] [MY-012574] [InnoDB] Unable to lock ./ibdata1 error: 11
2024-06-04T15:14:48.776303Z 1 [ERROR] [MY-012574] [InnoDB] Unable to lock ./ibdata1 error: 11
2024-06-04T15:14:49.709511Z 1 [ERROR] [MY-012574] [InnoDB] Unable to lock ./ibdata1 error: 11
2024-06-04T15:14:49.776611Z 1 [ERROR] [MY-012574] [InnoDB] Unable to lock ./ibdata1 error: 11
2024-06-04T15:14:50.709762Z 1 [ERROR] [MY-012574] [InnoDB] Unable to lock ./ibdata1 error: 11
2024-06-04T15:14:50.776908Z 1 [ERROR] [MY-012574] [InnoDB] Unable to lock ./ibdata1 error: 11
2024-06-04T15:14:51.710055Z 1 [ERROR] [MY-012574] [InnoDB] Unable to lock ./ibdata1 error: 11
2024-06-04T15:14:51.777226Z 1 [ERROR] [MY-012574] [InnoDB] Unable to lock ./ibdata1 error: 11
2024-06-04T15:14:52.710325Z 1 [ERROR] [MY-012574] [InnoDB] Unable to lock ./ibdata1 error: 11
2024-06-04T15:14:52.777526Z 1 [ERROR] [MY-012574] [InnoDB] Unable to lock ./ibdata1 error: 11
2024-06-04T15:14:53.710639Z 1 [ERROR] [MY-012574] [InnoDB] Unable to lock ./ibdata1 error: 11
2024-06-04T15:14:53.777782Z 1 [ERROR] [MY-012574] [InnoDB] Unable to lock ./ibdata1 error: 11
2024-06-04T15:14:54.710919Z 1 [ERROR] [MY-012574] [InnoDB] Unable to lock ./ibdata1 error: 11
2024-06-04T15:14:54.778078Z 1 [ERROR] [MY-012574] [InnoDB] Unable to lock ./ibdata1 error: 11
2024-06-04T15:14:55.711196Z 1 [ERROR] [MY-012574] [InnoDB] Unable to lock ./ibdata1 error: 11
2024-06-04T15:14:55.778443Z 1 [ERROR] [MY-012574] [InnoDB] Unable to lock ./ibdata1 error: 11
2024-06-04T15:14:56.711498Z 1 [ERROR] [MY-012574] [InnoDB] Unable to lock ./ibdata1 error: 11
2024-06-04T15:14:56.778730Z 1 [ERROR] [MY-012574] [InnoDB] Unable to lock ./ibdata1 error: 11
2024-06-04T15:14:57.711762Z 1 [ERROR] [MY-012574] [InnoDB] Unable to lock ./ibdata1 error: 11
2024-06-04T15:14:57.778982Z 1 [ERROR] [MY-012574] [InnoDB] Unable to lock ./ibdata1 error: 11
2024-06-04T15:14:58.712023Z 1 [ERROR] [MY-012574] [InnoDB] Unable to lock ./ibdata1 error: 11
2024-06-04T15:14:58.779268Z 1 [ERROR] [MY-012574] [InnoDB] Unable to lock ./ibdata1 error: 11
2024-06-04T15:14:59.712278Z 1 [ERROR] [MY-012574] [InnoDB] Unable to lock ./ibdata1 error: 11
2024-06-04T15:14:59.779549Z 1 [ERROR] [MY-012574] [InnoDB] Unable to lock ./ibdata1 error: 11
2024-06-04T15:15:00.712525Z 1 [ERROR] [MY-012574] [InnoDB] Unable to lock ./ibdata1 error: 11
2024-06-04T15:15:00.779786Z 1 [ERROR] [MY-012574] [InnoDB] Unable to lock ./ibdata1 error: 11
2024-06-04T15:15:01.712750Z 1 [ERROR] [MY-012574] [InnoDB] Unable to lock ./ibdata1 error: 11
2024-06-04T15:15:01.780043Z 1 [ERROR] [MY-012574] [InnoDB] Unable to lock ./ibdata1 error: 11
2024-06-04T15:15:02.712985Z 1 [ERROR] [MY-012574] [InnoDB] Unable to lock ./ibdata1 error: 11
2024-06-04T15:15:02.780348Z 1 [ERROR] [MY-012574] [InnoDB] Unable to lock ./ibdata1 error: 11
2024-06-04T15:15:03.713313Z 1 [ERROR] [MY-012574] [InnoDB] Unable to lock ./ibdata1 error: 11
2024-06-04T15:15:03.780713Z 1 [ERROR] [MY-012574] [InnoDB] Unable to lock ./ibdata1 error: 11
2024-06-04T15:15:04.713655Z 1 [ERROR] [MY-012574] [InnoDB] Unable to lock ./ibdata1 error: 11
2024-06-04T15:15:04.781001Z 1 [ERROR] [MY-012574] [InnoDB] Unable to lock ./ibdata1 error: 11
2024-06-04T15:15:05.713862Z 1 [ERROR] [MY-012574] [InnoDB] Unable to lock ./ibdata1 error: 11
2024-06-04T15:15:05.781296Z 1 [ERROR] [MY-012574] [InnoDB] Unable to lock ./ibdata1 error: 11
2024-06-04T15:15:06.714128Z 1 [ERROR] [MY-012574] [InnoDB] Unable to lock ./ibdata1 error: 11
2024-06-04T15:15:06.781550Z 1 [ERROR] [MY-012574] [InnoDB] Unable to lock ./ibdata1 error: 11
2024-06-04T15:15:07.714458Z 1 [ERROR] [MY-012574] [InnoDB] Unable to lock ./ibdata1 error: 11
2024-06-04T15:15:07.781823Z 1 [ERROR] [MY-012574] [InnoDB] Unable to lock ./ibdata1 error: 11
2024-06-04T15:15:08.714686Z 1 [ERROR] [MY-012574] [InnoDB] Unable to lock ./ibdata1 error: 11
2024-06-04T15:15:08.782126Z 1 [ERROR] [MY-012574] [InnoDB] Unable to lock ./ibdata1 error: 11
2024-06-04T15:15:09.714983Z 1 [ERROR] [MY-012574] [InnoDB] Unable to lock ./ibdata1 error: 11
2024-06-04T15:15:09.782443Z 1 [ERROR] [MY-012574] [InnoDB] Unable to lock ./ibdata1 error: 11
2024-06-04T15:15:10.715269Z 1 [ERROR] [MY-012574] [InnoDB] Unable to lock ./ibdata1 error: 11
2024-06-04T15:15:10.782775Z 1 [ERROR] [MY-012574] [InnoDB] Unable to lock ./ibdata1 error: 11
2024-06-04T15:15:11.715523Z 1 [ERROR] [MY-012574] [InnoDB] Unable to lock ./ibdata1 error: 11
2024-06-04T15:15:11.783048Z 1 [ERROR] [MY-012574] [InnoDB] Unable to lock ./ibdata1 error: 11
2024-06-04T15:15:12.715810Z 1 [ERROR] [MY-012574] [InnoDB] Unable to lock ./ibdata1 error: 11
2024-06-04T15:15:12.783429Z 1 [ERROR] [MY-012574] [InnoDB] Unable to lock ./ibdata1 error: 11
2024-06-04T15:15:13.716190Z 1 [ERROR] [MY-012574] [InnoDB] Unable to lock ./ibdata1 error: 11
2024-06-04T15:15:13.783765Z 1 [ERROR] [MY-012574] [InnoDB] Unable to lock ./ibdata1 error: 11
2024-06-04T15:15:14.716481Z 1 [ERROR] [MY-012574] [InnoDB] Unable to lock ./ibdata1 error: 11
2024-06-04T15:15:14.784046Z 1 [ERROR] [MY-012574] [InnoDB] Unable to lock ./ibdata1 error: 11
2024-06-04T15:15:15.716816Z 1 [ERROR] [MY-012574] [InnoDB] Unable to lock ./ibdata1 error: 11
2024-06-04T15:15:15.784447Z 1 [ERROR] [MY-012574] [InnoDB] Unable to lock ./ibdata1 error: 11
2024-06-04T15:15:16.717167Z 1 [ERROR] [MY-012574] [InnoDB] Unable to lock ./ibdata1 error: 11
2024-06-04T15:15:16.784739Z 1 [ERROR] [MY-012574] [InnoDB] Unable to lock ./ibdata1 error: 11
2024-06-04T15:15:17.717473Z 1 [ERROR] [MY-012574] [InnoDB] Unable to lock ./ibdata1 error: 11
2024-06-04T15:15:17.785001Z 1 [ERROR] [MY-012574] [InnoDB] Unable to lock ./ibdata1 error: 11
2024-06-04T15:15:18.717701Z 1 [ERROR] [MY-012574] [InnoDB] Unable to lock ./ibdata1 error: 11
2024-06-04T15:15:18.785343Z 1 [ERROR] [MY-012574] [InnoDB] Unable to lock ./ibdata1 error: 11
2024-06-04T15:15:19.717975Z 1 [ERROR] [MY-012574] [InnoDB] Unable to lock ./ibdata1 error: 11
2024-06-04T15:15:19.785675Z 1 [ERROR] [MY-012574] [InnoDB] Unable to lock ./ibdata1 error: 11
2024-06-04T15:15:20.718285Z 1 [ERROR] [MY-012574] [InnoDB] Unable to lock ./ibdata1 error: 11
2024-06-04T15:15:20.785975Z 1 [ERROR] [MY-012574] [InnoDB] Unable to lock ./ibdata1 error: 11
2024-06-04T15:15:21.718608Z 1 [ERROR] [MY-012574] [InnoDB] Unable to lock ./ibdata1 error: 11
2024-06-04T15:15:21.786307Z 1 [ERROR] [MY-012574] [InnoDB] Unable to lock ./ibdata1 error: 11
2024-06-04T15:15:22.718889Z 1 [ERROR] [MY-012574] [InnoDB] Unable to lock ./ibdata1 error: 11
2024-06-04T15:15:22.719017Z 1 [ERROR] [MY-012592] [InnoDB] Operating system error number 11 in a file operation.
2024-06-04T15:15:22.719050Z 1 [ERROR] [MY-012596] [InnoDB] Error number 11 means 'Resource temporarily unavailable'
2024-06-04T15:15:22.719087Z 1 [ERROR] [MY-012215] [InnoDB] Cannot open datafile './ibdata1'
2024-06-04T15:15:22.719106Z 1 [ERROR] [MY-012959] [InnoDB] Could not open or create the system tablespace. If you tried to add new data files to the system tablespace, and it failed here, you should now edit innodb_data_file_path in my.cnf back to what it was, and remove the new ibdata files InnoDB created in this failed attempt. InnoDB only wrote those files full of zeros, but did not yet use them in any way. But be careful: do not remove old data files which contain your precious data!
2024-06-04T15:15:22.719191Z 1 [ERROR] [MY-012930] [InnoDB] Plugin initialization aborted with error Cannot open a file.
2024-06-04T15:15:22.720198Z 1 [ERROR] [MY-010334] [Server] Failed to initialize DD Storage Engine
2024-06-04T15:15:22.720518Z 0 [ERROR] [MY-010020] [Server] Data Dictionary initialization failed.
2024-06-04T15:15:22.720568Z 0 [ERROR] [MY-010119] [Server] Aborting
2024-06-04T15:15:22.721557Z 0 [System] [MY-010910] [Server] /nix/store/g0xcbslwayv7cpa8k75m5zqmq8jf7xis-mysql-8.0.36/bin/mysqld: Shutdown complete (mysqld 8.0.36)  Source distribution.
2024-06-04T15:15:22.786632Z 1 [ERROR] [MY-012574] [InnoDB] Unable to lock ./ibdata1 error: 11
2024-06-04T15:15:23.786923Z 1 [ERROR] [MY-012574] [InnoDB] Unable to lock ./ibdata1 error: 11
2024-06-04T15:15:24.787208Z 1 [ERROR] [MY-012574] [InnoDB] Unable to lock ./ibdata1 error: 11
2024-06-04T15:15:25.787521Z 1 [ERROR] [MY-012574] [InnoDB] Unable to lock ./ibdata1 error: 11
2024-06-04T15:15:26.787894Z 1 [ERROR] [MY-012574] [InnoDB] Unable to lock ./ibdata1 error: 11
2024-06-04T15:15:27.788144Z 1 [ERROR] [MY-012574] [InnoDB] Unable to lock ./ibdata1 error: 11
2024-06-04T15:15:28.788457Z 1 [ERROR] [MY-012574] [InnoDB] Unable to lock ./ibdata1 error: 11
2024-06-04T15:15:29.788748Z 1 [ERROR] [MY-012574] [InnoDB] Unable to lock ./ibdata1 error: 11
2024-06-04T15:15:30.789015Z 1 [ERROR] [MY-012574] [InnoDB] Unable to lock ./ibdata1 error: 11
2024-06-04T15:15:31.789308Z 1 [ERROR] [MY-012574] [InnoDB] Unable to lock ./ibdata1 error: 11
2024-06-04T15:15:32.789579Z 1 [ERROR] [MY-012574] [InnoDB] Unable to lock ./ibdata1 error: 11
2024-06-04T15:15:33.789878Z 1 [ERROR] [MY-012574] [InnoDB] Unable to lock ./ibdata1 error: 11
2024-06-04T15:15:34.790142Z 1 [ERROR] [MY-012574] [InnoDB] Unable to lock ./ibdata1 error: 11
2024-06-04T15:15:35.790465Z 1 [ERROR] [MY-012574] [InnoDB] Unable to lock ./ibdata1 error: 11
2024-06-04T15:15:36.790720Z 1 [ERROR] [MY-012574] [InnoDB] Unable to lock ./ibdata1 error: 11
2024-06-04T15:15:37.790969Z 1 [ERROR] [MY-012574] [InnoDB] Unable to lock ./ibdata1 error: 11
2024-06-04T15:15:38.791260Z 1 [ERROR] [MY-012574] [InnoDB] Unable to lock ./ibdata1 error: 11
2024-06-04T15:15:39.791574Z 1 [ERROR] [MY-012574] [InnoDB] Unable to lock ./ibdata1 error: 11
2024-06-04T15:15:40.791830Z 1 [ERROR] [MY-012574] [InnoDB] Unable to lock ./ibdata1 error: 11
2024-06-04T15:15:41.792094Z 1 [ERROR] [MY-012574] [InnoDB] Unable to lock ./ibdata1 error: 11
2024-06-04T15:15:42.792321Z 1 [ERROR] [MY-012574] [InnoDB] Unable to lock ./ibdata1 error: 11
2024-06-04T15:15:43.792628Z 1 [ERROR] [MY-012574] [InnoDB] Unable to lock ./ibdata1 error: 11
2024-06-04T15:15:44.792923Z 1 [ERROR] [MY-012574] [InnoDB] Unable to lock ./ibdata1 error: 11
2024-06-04T15:15:45.793240Z 1 [ERROR] [MY-012574] [InnoDB] Unable to lock ./ibdata1 error: 11
2024-06-04T15:15:46.793646Z 1 [ERROR] [MY-012574] [InnoDB] Unable to lock ./ibdata1 error: 11
2024-06-04T15:15:47.793966Z 1 [ERROR] [MY-012574] [InnoDB] Unable to lock ./ibdata1 error: 11
2024-06-04T15:15:48.794238Z 1 [ERROR] [MY-012574] [InnoDB] Unable to lock ./ibdata1 error: 11
2024-06-04T15:15:49.794520Z 1 [ERROR] [MY-012574] [InnoDB] Unable to lock ./ibdata1 error: 11
2024-06-04T15:15:50.794882Z 1 [ERROR] [MY-012574] [InnoDB] Unable to lock ./ibdata1 error: 11
2024-06-04T15:15:51.795221Z 1 [ERROR] [MY-012574] [InnoDB] Unable to lock ./ibdata1 error: 11
2024-06-04T15:15:52.795569Z 1 [ERROR] [MY-012574] [InnoDB] Unable to lock ./ibdata1 error: 11
2024-06-04T15:15:53.795823Z 1 [ERROR] [MY-012574] [InnoDB] Unable to lock ./ibdata1 error: 11
2024-06-04T15:15:54.796101Z 1 [ERROR] [MY-012574] [InnoDB] Unable to lock ./ibdata1 error: 11
2024-06-04T15:15:55.796451Z 1 [ERROR] [MY-012574] [InnoDB] Unable to lock ./ibdata1 error: 11
2024-06-04T15:15:56.796725Z 1 [ERROR] [MY-012574] [InnoDB] Unable to lock ./ibdata1 error: 11
2024-06-04T15:15:57.797005Z 1 [ERROR] [MY-012574] [InnoDB] Unable to lock ./ibdata1 error: 11
2024-06-04T15:15:58.797306Z 1 [ERROR] [MY-012574] [InnoDB] Unable to lock ./ibdata1 error: 11
2024-06-04T15:15:59.797626Z 1 [ERROR] [MY-012574] [InnoDB] Unable to lock ./ibdata1 error: 11
2024-06-04T15:16:00.797891Z 1 [ERROR] [MY-012574] [InnoDB] Unable to lock ./ibdata1 error: 11
2024-06-04T15:16:01.798206Z 1 [ERROR] [MY-012574] [InnoDB] Unable to lock ./ibdata1 error: 11
2024-06-04T15:16:02.798498Z 1 [ERROR] [MY-012574] [InnoDB] Unable to lock ./ibdata1 error: 11
2024-06-04T15:16:03.798796Z 1 [ERROR] [MY-012574] [InnoDB] Unable to lock ./ibdata1 error: 11
2024-06-04T15:16:04.799165Z 1 [ERROR] [MY-012574] [InnoDB] Unable to lock ./ibdata1 error: 11
2024-06-04T15:16:05.799464Z 1 [ERROR] [MY-012574] [InnoDB] Unable to lock ./ibdata1 error: 11
2024-06-04T15:16:06.799760Z 1 [ERROR] [MY-012574] [InnoDB] Unable to lock ./ibdata1 error: 11
2024-06-04T15:16:07.800047Z 1 [ERROR] [MY-012574] [InnoDB] Unable to lock ./ibdata1 error: 11
2024-06-04T15:16:08.800462Z 1 [ERROR] [MY-012574] [InnoDB] Unable to lock ./ibdata1 error: 11
2024-06-04T15:16:09.800761Z 1 [ERROR] [MY-012574] [InnoDB] Unable to lock ./ibdata1 error: 11
2024-06-04T15:16:10.801034Z 1 [ERROR] [MY-012574] [InnoDB] Unable to lock ./ibdata1 error: 11
2024-06-04T15:16:11.801434Z 1 [ERROR] [MY-012574] [InnoDB] Unable to lock ./ibdata1 error: 11
2024-06-04T15:16:12.801709Z 1 [ERROR] [MY-012574] [InnoDB] Unable to lock ./ibdata1 error: 11
2024-06-04T15:16:13.802008Z 1 [ERROR] [MY-012574] [InnoDB] Unable to lock ./ibdata1 error: 11
2024-06-04T15:16:14.802259Z 1 [ERROR] [MY-012574] [InnoDB] Unable to lock ./ibdata1 error: 11
2024-06-04T15:16:15.802555Z 1 [ERROR] [MY-012574] [InnoDB] Unable to lock ./ibdata1 error: 11
2024-06-04T15:16:16.802860Z 1 [ERROR] [MY-012574] [InnoDB] Unable to lock ./ibdata1 error: 11
2024-06-04T15:16:17.803123Z 1 [ERROR] [MY-012574] [InnoDB] Unable to lock ./ibdata1 error: 11
2024-06-04T15:16:18.803533Z 1 [ERROR] [MY-012574] [InnoDB] Unable to lock ./ibdata1 error: 11
2024-06-04T15:16:19.803865Z 1 [ERROR] [MY-012574] [InnoDB] Unable to lock ./ibdata1 error: 11
2024-06-04T15:16:19.803997Z 1 [ERROR] [MY-012592] [InnoDB] Operating system error number 11 in a file operation.
2024-06-04T15:16:19.804025Z 1 [ERROR] [MY-012596] [InnoDB] Error number 11 means 'Resource temporarily unavailable'
2024-06-04T15:16:19.804079Z 1 [ERROR] [MY-012215] [InnoDB] Cannot open datafile './ibdata1'
2024-06-04T15:16:19.804098Z 1 [ERROR] [MY-012959] [InnoDB] Could not open or create the system tablespace. If you tried to add new data files to the system tablespace, and it failed here, you should now edit innodb_data_file_path in my.cnf back to what it was, and remove the new ibdata files InnoDB created in this failed attempt. InnoDB only wrote those files full of zeros, but did not yet use them in any way. But be careful: do not remove old data files which contain your precious data!
2024-06-04T15:16:19.804194Z 1 [ERROR] [MY-012930] [InnoDB] Plugin initialization aborted with error Cannot open a file.
2024-06-04T15:16:19.805268Z 1 [ERROR] [MY-010334] [Server] Failed to initialize DD Storage Engine
2024-06-04T15:16:19.805579Z 0 [ERROR] [MY-010020] [Server] Data Dictionary initialization failed.
2024-06-04T15:16:19.805621Z 0 [ERROR] [MY-010119] [Server] Aborting
2024-06-04T15:16:19.806573Z 0 [System] [MY-010910] [Server] /nix/store/g0xcbslwayv7cpa8k75m5zqmq8jf7xis-mysql-8.0.36/bin/mysqld: Shutdown complete (mysqld 8.0.36)  Source distribution.
